<?xml version="1.0" encoding="UTF-8"?>
<testsuite name="mastermind.TestMastermindDifferentLetters" tests="15" skipped="0" failures="0" errors="0" timestamp="2023-08-03T20:27:58" hostname="OS-7MF97D3" time="0.024">
  <properties/>
  <testcase name="test01SampleEqual" classname="mastermind.TestMastermindDifferentLetters" time="0.019"/>
  <testcase name="test02SampleOnlyWrongPositions" classname="mastermind.TestMastermindDifferentLetters" time="0.0"/>
  <testcase name="test03SampleSwap" classname="mastermind.TestMastermindDifferentLetters" time="0.001"/>
  <testcase name="test04RightPositions" classname="mastermind.TestMastermindDifferentLetters" time="0.0"/>
  <testcase name="test05WrongPositions" classname="mastermind.TestMastermindDifferentLetters" time="0.0"/>
  <testcase name="test06BothRightAndWrong" classname="mastermind.TestMastermindDifferentLetters" time="0.0"/>
  <testcase name="test07" classname="mastermind.TestMastermindDifferentLetters" time="0.0"/>
  <testcase name="test08" classname="mastermind.TestMastermindDifferentLetters" time="0.001"/>
  <testcase name="test09" classname="mastermind.TestMastermindDifferentLetters" time="0.0"/>
  <testcase name="test10" classname="mastermind.TestMastermindDifferentLetters" time="0.0"/>
  <testcase name="test11" classname="mastermind.TestMastermindDifferentLetters" time="0.001"/>
  <testcase name="test12" classname="mastermind.TestMastermindDifferentLetters" time="0.0"/>
  <testcase name="test13" classname="mastermind.TestMastermindDifferentLetters" time="0.0"/>
  <testcase name="test14" classname="mastermind.TestMastermindDifferentLetters" time="0.0"/>
  <testcase name="test15" classname="mastermind.TestMastermindDifferentLetters" time="0.001"/>
  <system-out><![CDATA[[(A, A), (B, B), (C, C), (D, D)]
[(A, A), (B, B), (C, C), (D, D)]
[(A, C), (B, D), (C, B), (D, A)]
[(A, C), (B, D), (C, B), (D, A)]
[(A, A), (B, B), (C, D), (D, C)]
[(A, A), (B, B), (C, D), (D, C)]
[(A, A), (B, B), (C, C), (D, F)]
[(A, A), (B, B), (C, C), (D, F)]
[(D, F), (A, E), (E, C), (F, A)]
[(D, F), (A, E), (E, C), (F, A)]
[(A, B), (C, C), (E, D), (B, F)]
[(A, B), (C, C), (E, D), (B, F)]
[(F, A), (B, B), (A, C), (E, D)]
[(F, A), (B, B), (A, C), (E, D)]
[(F, A), (B, F), (A, D), (E, C)]
[(F, A), (B, F), (A, D), (E, C)]
[(F, C), (B, B), (A, A), (E, E)]
[(F, C), (B, B), (A, A), (E, E)]
[(F, C), (B, B), (A, F), (E, E)]
[(F, C), (B, B), (A, F), (E, E)]
[(F, F), (B, B), (A, A), (E, E)]
[(F, F), (B, B), (A, A), (E, E)]
[(E, A), (B, B), (A, C), (C, D)]
[(E, A), (B, B), (A, C), (C, D)]
[(E, A), (B, F), (A, C), (C, B)]
[(E, A), (B, F), (A, C), (C, B)]
[(E, C), (B, B), (A, D), (C, F)]
[(E, C), (B, B), (A, D), (C, F)]
[(E, E), (B, B), (A, A), (C, C)]
[(E, E), (B, B), (A, A), (C, C)]
]]></system-out>
  <system-err><![CDATA[]]></system-err>
</testsuite>
